# JRE version: OpenJDK Runtime Environment Corretto-11.0.15.9.1 (11.0.15+9) (build 11.0.15+9-LTS)
# Java VM: OpenJDK 64-Bit Server VM Corretto-11.0.15.9.1 (11.0.15+9-LTS, mixed mode, tiered, compressed oops, g1 gc, windows-amd64)
Heap:
 garbage-first heap   total 262144K, used 34271K [0x00000000e0000000, 0x0000000100000000)
  region size 1024K, 19 young (19456K), 2 survivors (2048K)
 Metaspace       used 24560K, capacity 25135K, committed 25264K, reserved 276480K
  class space    used 3126K, capacity 3322K, committed 3328K, reserved 253952K
GC Heap History (6 events):
Event: 0.973 GC heap before
{Heap before GC invocations=0 (full 0):
 garbage-first heap   total 262144K, used 29696K [0x00000000e0000000, 0x0000000100000000)
  region size 1024K, 24 young (24576K), 0 survivors (0K)
 Metaspace       used 10098K, capacity 10398K, committed 10624K, reserved 264192K
  class space    used 1031K, capacity 1104K, committed 1152K, reserved 253952K
}
Event: 0.978 GC heap after
{Heap after GC invocations=1 (full 0):
 garbage-first heap   total 262144K, used 9436K [0x00000000e0000000, 0x0000000100000000)
  region size 1024K, 3 young (3072K), 3 survivors (3072K)
 Metaspace       used 10098K, capacity 10398K, committed 10624K, reserved 264192K
  class space    used 1031K, capacity 1104K, committed 1152K, reserved 253952K
}
Event: 3.595 GC heap before
{Heap before GC invocations=1 (full 0):
 garbage-first heap   total 262144K, used 106716K [0x00000000e0000000, 0x0000000100000000)
  region size 1024K, 98 young (100352K), 3 survivors (3072K)
 Metaspace       used 20775K, capacity 21184K, committed 21296K, reserved 274432K
  class space    used 2517K, capacity 2681K, committed 2688K, reserved 253952K
}
Event: 3.606 GC heap after
{Heap after GC invocations=2 (full 0):
 garbage-first heap   total 262144K, used 17068K [0x00000000e0000000, 0x0000000100000000)
  region size 1024K, 11 young (11264K), 11 survivors (11264K)
 Metaspace       used 20775K, capacity 21184K, committed 21296K, reserved 274432K
  class space    used 2517K, capacity 2681K, committed 2688K, reserved 253952K
}
Event: 3.844 GC heap before
{Heap before GC invocations=3 (full 0):
 garbage-first heap   total 262144K, used 39596K [0x00000000e0000000, 0x0000000100000000)
  region size 1024K, 33 young (33792K), 11 survivors (11264K)
 Metaspace       used 22757K, capacity 23311K, committed 23472K, reserved 274432K
  class space    used 2875K, capacity 3035K, committed 3072K, reserved 253952K
}
Event: 3.850 GC heap after
{Heap after GC invocations=4 (full 0):
 garbage-first heap   total 262144K, used 17887K [0x00000000e0000000, 0x0000000100000000)
  region size 1024K, 2 young (2048K), 2 survivors (2048K)
 Metaspace       used 22757K, capacity 23311K, committed 23472K, reserved 274432K
  class space    used 2875K, capacity 3035K, committed 3072K, reserved 253952K
}

